[09-09 15:21:31]: [INFO] Created column 'regdate' and set the current timestamp, 1757406091044, to all 0 rows
[09-09 15:21:31]: [INFO] SQLite Setup finished
[09-09 15:21:31]: [INFO] Hooked into LuckPerms!
[09-09 15:21:34]: [INFO] Hooked successfully into Essentials
[09-09 15:21:34]: [INFO] Essentials spawn file not found: 'E:\[LangBatOn]\plugins\Essentials\spawn.yml'
[09-09 15:21:34]: [WARN] WARNING! The protectInventory feature requires ProtocolLib! Disabling it...
[09-09 15:21:34]: [INFO] AuthMe 5.6.0 build n.CUSTOM successfully enabled!
[09-09 15:21:37]: [INFO] Downloading GEO IP database, because the old database is older than 30 days or doesn't exist
[09-09 15:21:37]: [WARN] No MaxMind credentials found in the configuration file! GeoIp protections will be disabled.
[09-09 15:21:37]: [INFO] There is no newer GEO IP database uploaded to MaxMind. Using the old one for now.
[09-09 15:21:37]: [WARN] Could not download GeoLiteAPI database [FileNotFoundException]: plugins\AuthMe\GeoLite2-Country.mmdb (The system cannot find the file specified)
[09-09 15:21:37]: java.io.FileNotFoundException: plugins\AuthMe\GeoLite2-Country.mmdb (The system cannot find the file specified)
	at java.base/java.io.RandomAccessFile.open0(Native Method)
	at java.base/java.io.RandomAccessFile.open(RandomAccessFile.java:356)
	at java.base/java.io.RandomAccessFile.<init>(RandomAccessFile.java:273)
	at java.base/java.io.RandomAccessFile.<init>(RandomAccessFile.java:223)
	at AuthMe-5.6.0.jar//fr.xephi.authme.libs.com.maxmind.db.BufferHolder.<init>(BufferHolder.java:20)
	at AuthMe-5.6.0.jar//fr.xephi.authme.libs.com.maxmind.db.Reader.<init>(Reader.java:121)
	at AuthMe-5.6.0.jar//fr.xephi.authme.service.GeoIpService.startReading(GeoIpService.java:179)
	at AuthMe-5.6.0.jar//fr.xephi.authme.service.GeoIpService.updateDatabase(GeoIpService.java:150)
	at org.bukkit.craftbukkit.scheduler.CraftTask.run(CraftTask.java:78)
	at org.bukkit.craftbukkit.scheduler.CraftAsyncTask.run(CraftAsyncTask.java:57)
	at com.destroystokyo.paper.ServerSchedulerReportingWrapper.run(ServerSchedulerReportingWrapper.java:22)
	at java.base/java.util.concurrent.ThreadPoolExecutor.runWorker(ThreadPoolExecutor.java:1144)
	at java.base/java.util.concurrent.ThreadPoolExecutor$Worker.run(ThreadPoolExecutor.java:642)
	at java.base/java.lang.Thread.run(Thread.java:1583)

[09-09 15:22:52]: [FINE] SmileDev registered 127.0.0.1
[09-09 15:22:52]: [FINE] SmileDev logged in 127.0.0.1
[09-09 15:23:13]: [FINE] SmileDev logged in 127.0.0.1
[09-10 02:11:56]: [INFO] SQLite Setup finished
[09-10 02:11:56]: [INFO] Hooked into LuckPerms!
[09-10 02:11:56]: [INFO] Hooked successfully into Essentials
[09-10 02:11:56]: [INFO] Essentials spawn file not found: 'E:\[LangBatOn]\plugins\Essentials\spawn.yml'
[09-10 02:11:56]: [WARN] WARNING! The protectInventory feature requires ProtocolLib! Disabling it...
[09-10 02:11:57]: [INFO] AuthMe 5.6.0 build n.CUSTOM successfully enabled!
[09-10 02:11:57]: [INFO] Downloading GEO IP database, because the old database is older than 30 days or doesn't exist
[09-10 02:11:57]: [WARN] No MaxMind credentials found in the configuration file! GeoIp protections will be disabled.
[09-10 02:11:57]: [INFO] There is no newer GEO IP database uploaded to MaxMind. Using the old one for now.
[09-10 02:11:57]: [WARN] Could not download GeoLiteAPI database [FileNotFoundException]: plugins\AuthMe\GeoLite2-Country.mmdb (The system cannot find the file specified)
[09-10 02:11:57]: java.io.FileNotFoundException: plugins\AuthMe\GeoLite2-Country.mmdb (The system cannot find the file specified)
	at java.base/java.io.RandomAccessFile.open0(Native Method)
	at java.base/java.io.RandomAccessFile.open(RandomAccessFile.java:356)
	at java.base/java.io.RandomAccessFile.<init>(RandomAccessFile.java:273)
	at java.base/java.io.RandomAccessFile.<init>(RandomAccessFile.java:223)
	at AuthMe-5.6.0.jar//fr.xephi.authme.libs.com.maxmind.db.BufferHolder.<init>(BufferHolder.java:20)
	at AuthMe-5.6.0.jar//fr.xephi.authme.libs.com.maxmind.db.Reader.<init>(Reader.java:121)
	at AuthMe-5.6.0.jar//fr.xephi.authme.service.GeoIpService.startReading(GeoIpService.java:179)
	at AuthMe-5.6.0.jar//fr.xephi.authme.service.GeoIpService.updateDatabase(GeoIpService.java:150)
	at org.bukkit.craftbukkit.scheduler.CraftTask.run(CraftTask.java:78)
	at org.bukkit.craftbukkit.scheduler.CraftAsyncTask.run(CraftAsyncTask.java:57)
	at com.destroystokyo.paper.ServerSchedulerReportingWrapper.run(ServerSchedulerReportingWrapper.java:22)
	at java.base/java.util.concurrent.ThreadPoolExecutor.runWorker(ThreadPoolExecutor.java:1144)
	at java.base/java.util.concurrent.ThreadPoolExecutor$Worker.run(ThreadPoolExecutor.java:642)
	at java.base/java.lang.Thread.run(Thread.java:1583)

[09-10 02:19:48]: [FINE] SmileDev logged in 127.0.0.1
[09-10 02:20:09]: [INFO] Unhooked from Permissions!
[09-10 02:20:09]: [INFO] Hooked into LuckPerms!
[09-10 02:20:09]: [INFO] Essentials spawn file not found: 'E:\[LangBatOn]\plugins\Essentials\spawn.yml'
[09-10 02:20:09]: [INFO] SQLite Setup finished
[09-10 02:20:09]: [WARN] WARNING! The protectInventory feature requires ProtocolLib! Disabling it...
[09-10 02:20:20]: [INFO] SmileDev logged out
[09-10 02:20:28]: [FINE] SmileDev logged in 127.0.0.1
[09-10 02:24:29]: [FINE] SmileDevTest registered 127.0.0.1
[09-10 02:24:29]: [FINE] The user SmileDevTest has 2 accounts:
[09-10 02:24:29]: [FINE] §7§aSmileDev§7, §aSmileDevTest§7.
[09-10 02:24:29]: [FINE] SmileDevTest logged in 127.0.0.1
[09-10 02:33:43]: [INFO] AuthMe 5.6.0-bCUSTOM disabled!
[09-10 02:34:29]: [INFO] SQLite Setup finished
[09-10 02:34:30]: [INFO] Hooked into LuckPerms!
[09-10 02:34:31]: [INFO] Hooked successfully into Essentials
[09-10 02:34:31]: [INFO] Essentials spawn file not found: 'E:\[LangBatOn]\plugins\Essentials\spawn.yml'
[09-10 02:34:32]: [WARN] WARNING! The protectInventory feature requires ProtocolLib! Disabling it...
[09-10 02:34:32]: [INFO] AuthMe 5.6.0 build n.CUSTOM successfully enabled!
[09-10 02:34:34]: [INFO] Downloading GEO IP database, because the old database is older than 30 days or doesn't exist
[09-10 02:34:34]: [WARN] No MaxMind credentials found in the configuration file! GeoIp protections will be disabled.
[09-10 02:34:34]: [INFO] There is no newer GEO IP database uploaded to MaxMind. Using the old one for now.
[09-10 02:34:34]: [WARN] Could not download GeoLiteAPI database [FileNotFoundException]: plugins\AuthMe\GeoLite2-Country.mmdb (The system cannot find the file specified)
[09-10 02:34:34]: java.io.FileNotFoundException: plugins\AuthMe\GeoLite2-Country.mmdb (The system cannot find the file specified)
	at java.base/java.io.RandomAccessFile.open0(Native Method)
	at java.base/java.io.RandomAccessFile.open(RandomAccessFile.java:356)
	at java.base/java.io.RandomAccessFile.<init>(RandomAccessFile.java:273)
	at java.base/java.io.RandomAccessFile.<init>(RandomAccessFile.java:223)
	at AuthMe-5.6.0.jar//fr.xephi.authme.libs.com.maxmind.db.BufferHolder.<init>(BufferHolder.java:20)
	at AuthMe-5.6.0.jar//fr.xephi.authme.libs.com.maxmind.db.Reader.<init>(Reader.java:121)
	at AuthMe-5.6.0.jar//fr.xephi.authme.service.GeoIpService.startReading(GeoIpService.java:179)
	at AuthMe-5.6.0.jar//fr.xephi.authme.service.GeoIpService.updateDatabase(GeoIpService.java:150)
	at org.bukkit.craftbukkit.scheduler.CraftTask.run(CraftTask.java:78)
	at org.bukkit.craftbukkit.scheduler.CraftAsyncTask.run(CraftAsyncTask.java:57)
	at com.destroystokyo.paper.ServerSchedulerReportingWrapper.run(ServerSchedulerReportingWrapper.java:22)
	at java.base/java.util.concurrent.ThreadPoolExecutor.runWorker(ThreadPoolExecutor.java:1144)
	at java.base/java.util.concurrent.ThreadPoolExecutor$Worker.run(ThreadPoolExecutor.java:642)
	at java.base/java.lang.Thread.run(Thread.java:1583)

[09-10 02:34:54]: [FINE] The user SmileDev has 2 accounts:
[09-10 02:34:54]: [FINE] §7§aSmileDev§7, smiledevtest.
[09-10 02:34:54]: [FINE] SmileDev logged in 127.0.0.1
[09-10 02:43:33]: [INFO] AuthMe 5.6.0-bCUSTOM disabled!
[09-10 02:44:18]: [INFO] SQLite Setup finished
[09-10 02:44:18]: [INFO] Hooked into LuckPerms!
[09-10 02:44:18]: [INFO] Hooked successfully into Essentials
[09-10 02:44:18]: [INFO] Essentials spawn file not found: 'E:\[LangBatOn]\plugins\Essentials\spawn.yml'
[09-10 02:44:20]: [WARN] WARNING! The protectInventory feature requires ProtocolLib! Disabling it...
[09-10 02:44:20]: [INFO] AuthMe 5.6.0 build n.CUSTOM successfully enabled!
[09-10 02:44:21]: [INFO] Downloading GEO IP database, because the old database is older than 30 days or doesn't exist
[09-10 02:44:21]: [WARN] No MaxMind credentials found in the configuration file! GeoIp protections will be disabled.
[09-10 02:44:21]: [INFO] There is no newer GEO IP database uploaded to MaxMind. Using the old one for now.
[09-10 02:44:21]: [WARN] Could not download GeoLiteAPI database [FileNotFoundException]: plugins\AuthMe\GeoLite2-Country.mmdb (The system cannot find the file specified)
[09-10 02:44:21]: java.io.FileNotFoundException: plugins\AuthMe\GeoLite2-Country.mmdb (The system cannot find the file specified)
	at java.base/java.io.RandomAccessFile.open0(Native Method)
	at java.base/java.io.RandomAccessFile.open(RandomAccessFile.java:356)
	at java.base/java.io.RandomAccessFile.<init>(RandomAccessFile.java:273)
	at java.base/java.io.RandomAccessFile.<init>(RandomAccessFile.java:223)
	at AuthMe-5.6.0.jar//fr.xephi.authme.libs.com.maxmind.db.BufferHolder.<init>(BufferHolder.java:20)
	at AuthMe-5.6.0.jar//fr.xephi.authme.libs.com.maxmind.db.Reader.<init>(Reader.java:121)
	at AuthMe-5.6.0.jar//fr.xephi.authme.service.GeoIpService.startReading(GeoIpService.java:179)
	at AuthMe-5.6.0.jar//fr.xephi.authme.service.GeoIpService.updateDatabase(GeoIpService.java:150)
	at org.bukkit.craftbukkit.scheduler.CraftTask.run(CraftTask.java:78)
	at org.bukkit.craftbukkit.scheduler.CraftAsyncTask.run(CraftAsyncTask.java:57)
	at com.destroystokyo.paper.ServerSchedulerReportingWrapper.run(ServerSchedulerReportingWrapper.java:22)
	at java.base/java.util.concurrent.ThreadPoolExecutor.runWorker(ThreadPoolExecutor.java:1144)
	at java.base/java.util.concurrent.ThreadPoolExecutor$Worker.run(ThreadPoolExecutor.java:642)
	at java.base/java.lang.Thread.run(Thread.java:1583)

[09-10 02:44:53]: [FINE] The user SmileDev has 2 accounts:
[09-10 02:44:53]: [FINE] §7§aSmileDev§7, smiledevtest.
[09-10 02:44:53]: [FINE] SmileDev logged in 127.0.0.1
[09-10 02:46:50]: [INFO] AuthMe 5.6.0-bCUSTOM disabled!
[09-10 02:57:36]: [INFO] SQLite Setup finished
[09-10 02:57:36]: [INFO] Hooked into LuckPerms!
[09-10 02:57:38]: [INFO] Hooked successfully into Essentials
[09-10 02:57:38]: [INFO] Essentials spawn file not found: 'E:\[LangBatOn]\plugins\Essentials\spawn.yml'
[09-10 02:57:38]: [WARN] WARNING! The protectInventory feature requires ProtocolLib! Disabling it...
[09-10 02:57:38]: [INFO] AuthMe 5.6.0 build n.CUSTOM successfully enabled!
[09-10 02:57:39]: [INFO] Downloading GEO IP database, because the old database is older than 30 days or doesn't exist
[09-10 02:57:39]: [WARN] No MaxMind credentials found in the configuration file! GeoIp protections will be disabled.
[09-10 02:57:39]: [INFO] There is no newer GEO IP database uploaded to MaxMind. Using the old one for now.
[09-10 02:57:39]: [WARN] Could not download GeoLiteAPI database [FileNotFoundException]: plugins\AuthMe\GeoLite2-Country.mmdb (The system cannot find the file specified)
[09-10 02:57:39]: java.io.FileNotFoundException: plugins\AuthMe\GeoLite2-Country.mmdb (The system cannot find the file specified)
	at java.base/java.io.RandomAccessFile.open0(Native Method)
	at java.base/java.io.RandomAccessFile.open(RandomAccessFile.java:356)
	at java.base/java.io.RandomAccessFile.<init>(RandomAccessFile.java:273)
	at java.base/java.io.RandomAccessFile.<init>(RandomAccessFile.java:223)
	at AuthMe-5.6.0.jar//fr.xephi.authme.libs.com.maxmind.db.BufferHolder.<init>(BufferHolder.java:20)
	at AuthMe-5.6.0.jar//fr.xephi.authme.libs.com.maxmind.db.Reader.<init>(Reader.java:121)
	at AuthMe-5.6.0.jar//fr.xephi.authme.service.GeoIpService.startReading(GeoIpService.java:179)
	at AuthMe-5.6.0.jar//fr.xephi.authme.service.GeoIpService.updateDatabase(GeoIpService.java:150)
	at org.bukkit.craftbukkit.scheduler.CraftTask.run(CraftTask.java:78)
	at org.bukkit.craftbukkit.scheduler.CraftAsyncTask.run(CraftAsyncTask.java:57)
	at com.destroystokyo.paper.ServerSchedulerReportingWrapper.run(ServerSchedulerReportingWrapper.java:22)
	at java.base/java.util.concurrent.ThreadPoolExecutor.runWorker(ThreadPoolExecutor.java:1144)
	at java.base/java.util.concurrent.ThreadPoolExecutor$Worker.run(ThreadPoolExecutor.java:642)
	at java.base/java.lang.Thread.run(Thread.java:1583)

[09-10 02:57:46]: [INFO] AuthMe 5.6.0-bCUSTOM disabled!
[09-10 02:59:07]: [INFO] SQLite Setup finished
[09-10 02:59:07]: [INFO] Hooked into LuckPerms!
[09-10 02:59:09]: [INFO] Hooked successfully into Essentials
[09-10 02:59:09]: [INFO] Essentials spawn file not found: 'E:\[LangBatOn]\plugins\Essentials\spawn.yml'
[09-10 02:59:09]: [WARN] WARNING! The protectInventory feature requires ProtocolLib! Disabling it...
[09-10 02:59:09]: [INFO] AuthMe 5.6.0 build n.CUSTOM successfully enabled!
[09-10 02:59:10]: [INFO] Downloading GEO IP database, because the old database is older than 30 days or doesn't exist
[09-10 02:59:10]: [WARN] No MaxMind credentials found in the configuration file! GeoIp protections will be disabled.
[09-10 02:59:10]: [INFO] There is no newer GEO IP database uploaded to MaxMind. Using the old one for now.
[09-10 02:59:10]: [WARN] Could not download GeoLiteAPI database [FileNotFoundException]: plugins\AuthMe\GeoLite2-Country.mmdb (The system cannot find the file specified)
[09-10 02:59:10]: java.io.FileNotFoundException: plugins\AuthMe\GeoLite2-Country.mmdb (The system cannot find the file specified)
	at java.base/java.io.RandomAccessFile.open0(Native Method)
	at java.base/java.io.RandomAccessFile.open(RandomAccessFile.java:356)
	at java.base/java.io.RandomAccessFile.<init>(RandomAccessFile.java:273)
	at java.base/java.io.RandomAccessFile.<init>(RandomAccessFile.java:223)
	at AuthMe-5.6.0.jar//fr.xephi.authme.libs.com.maxmind.db.BufferHolder.<init>(BufferHolder.java:20)
	at AuthMe-5.6.0.jar//fr.xephi.authme.libs.com.maxmind.db.Reader.<init>(Reader.java:121)
	at AuthMe-5.6.0.jar//fr.xephi.authme.service.GeoIpService.startReading(GeoIpService.java:179)
	at AuthMe-5.6.0.jar//fr.xephi.authme.service.GeoIpService.updateDatabase(GeoIpService.java:150)
	at org.bukkit.craftbukkit.scheduler.CraftTask.run(CraftTask.java:78)
	at org.bukkit.craftbukkit.scheduler.CraftAsyncTask.run(CraftAsyncTask.java:57)
	at com.destroystokyo.paper.ServerSchedulerReportingWrapper.run(ServerSchedulerReportingWrapper.java:22)
	at java.base/java.util.concurrent.ThreadPoolExecutor.runWorker(ThreadPoolExecutor.java:1144)
	at java.base/java.util.concurrent.ThreadPoolExecutor$Worker.run(ThreadPoolExecutor.java:642)
	at java.base/java.lang.Thread.run(Thread.java:1583)

[09-10 03:00:39]: [FINE] The user SmileDev has 2 accounts:
[09-10 03:00:39]: [FINE] §7§aSmileDev§7, smiledevtest.
[09-10 03:00:39]: [FINE] SmileDev logged in 127.0.0.1
[09-10 03:47:41]: [FINE] The user SmileDevTest has 2 accounts:
[09-10 03:47:41]: [FINE] §7§aSmileDev§7, §aSmileDevTest§7.
[09-10 03:47:41]: [FINE] SmileDevTest logged in 127.0.0.1
[09-10 03:50:51]: [INFO] SQLite Setup finished
[09-10 03:50:51]: [INFO] Hooked into LuckPerms!
[09-10 03:50:51]: [INFO] Hooked successfully into Essentials
[09-10 03:50:51]: [INFO] Essentials spawn file not found: 'E:\[LangBatOn]\plugins\Essentials\spawn.yml'
[09-10 03:50:52]: [WARN] WARNING! The protectInventory feature requires ProtocolLib! Disabling it...
[09-10 03:50:53]: [INFO] AuthMe 5.6.0 build n.CUSTOM successfully enabled!
[09-10 03:50:54]: [INFO] Downloading GEO IP database, because the old database is older than 30 days or doesn't exist
[09-10 03:50:55]: [WARN] No MaxMind credentials found in the configuration file! GeoIp protections will be disabled.
[09-10 03:50:55]: [INFO] There is no newer GEO IP database uploaded to MaxMind. Using the old one for now.
[09-10 03:50:55]: [WARN] Could not download GeoLiteAPI database [FileNotFoundException]: plugins\AuthMe\GeoLite2-Country.mmdb (The system cannot find the file specified)
[09-10 03:50:55]: java.io.FileNotFoundException: plugins\AuthMe\GeoLite2-Country.mmdb (The system cannot find the file specified)
	at java.base/java.io.RandomAccessFile.open0(Native Method)
	at java.base/java.io.RandomAccessFile.open(RandomAccessFile.java:356)
	at java.base/java.io.RandomAccessFile.<init>(RandomAccessFile.java:273)
	at java.base/java.io.RandomAccessFile.<init>(RandomAccessFile.java:223)
	at AuthMe-5.6.0.jar//fr.xephi.authme.libs.com.maxmind.db.BufferHolder.<init>(BufferHolder.java:20)
	at AuthMe-5.6.0.jar//fr.xephi.authme.libs.com.maxmind.db.Reader.<init>(Reader.java:121)
	at AuthMe-5.6.0.jar//fr.xephi.authme.service.GeoIpService.startReading(GeoIpService.java:179)
	at AuthMe-5.6.0.jar//fr.xephi.authme.service.GeoIpService.updateDatabase(GeoIpService.java:150)
	at org.bukkit.craftbukkit.scheduler.CraftTask.run(CraftTask.java:78)
	at org.bukkit.craftbukkit.scheduler.CraftAsyncTask.run(CraftAsyncTask.java:57)
	at com.destroystokyo.paper.ServerSchedulerReportingWrapper.run(ServerSchedulerReportingWrapper.java:22)
	at java.base/java.util.concurrent.ThreadPoolExecutor.runWorker(ThreadPoolExecutor.java:1144)
	at java.base/java.util.concurrent.ThreadPoolExecutor$Worker.run(ThreadPoolExecutor.java:642)
	at java.base/java.lang.Thread.run(Thread.java:1583)

[09-10 03:51:25]: [FINE] The user SmileDev has 2 accounts:
[09-10 03:51:25]: [FINE] §7§aSmileDev§7, smiledevtest.
[09-10 03:51:25]: [FINE] SmileDev logged in 127.0.0.1
[09-10 03:52:02]: [FINE] The user SmileDevTest has 2 accounts:
[09-10 03:52:02]: [FINE] §7§aSmileDev§7, §aSmileDevTest§7.
[09-10 03:52:02]: [FINE] SmileDevTest logged in 127.0.0.1
[09-10 04:13:33]: [INFO] SQLite Setup finished
[09-10 04:13:33]: [INFO] Hooked into LuckPerms!
[09-10 04:13:33]: [INFO] Hooked successfully into Essentials
[09-10 04:13:33]: [INFO] Essentials spawn file not found: 'E:\[LangBatOn]\plugins\Essentials\spawn.yml'
[09-10 04:13:33]: [WARN] WARNING! The protectInventory feature requires ProtocolLib! Disabling it...
[09-10 04:13:34]: [INFO] AuthMe 5.6.0 build n.CUSTOM successfully enabled!
[09-10 04:13:36]: [INFO] Downloading GEO IP database, because the old database is older than 30 days or doesn't exist
[09-10 04:13:36]: [WARN] No MaxMind credentials found in the configuration file! GeoIp protections will be disabled.
[09-10 04:13:36]: [INFO] There is no newer GEO IP database uploaded to MaxMind. Using the old one for now.
[09-10 04:13:36]: [WARN] Could not download GeoLiteAPI database [FileNotFoundException]: plugins\AuthMe\GeoLite2-Country.mmdb (The system cannot find the file specified)
[09-10 04:13:36]: java.io.FileNotFoundException: plugins\AuthMe\GeoLite2-Country.mmdb (The system cannot find the file specified)
	at java.base/java.io.RandomAccessFile.open0(Native Method)
	at java.base/java.io.RandomAccessFile.open(RandomAccessFile.java:356)
	at java.base/java.io.RandomAccessFile.<init>(RandomAccessFile.java:273)
	at java.base/java.io.RandomAccessFile.<init>(RandomAccessFile.java:223)
	at AuthMe-5.6.0.jar//fr.xephi.authme.libs.com.maxmind.db.BufferHolder.<init>(BufferHolder.java:20)
	at AuthMe-5.6.0.jar//fr.xephi.authme.libs.com.maxmind.db.Reader.<init>(Reader.java:121)
	at AuthMe-5.6.0.jar//fr.xephi.authme.service.GeoIpService.startReading(GeoIpService.java:179)
	at AuthMe-5.6.0.jar//fr.xephi.authme.service.GeoIpService.updateDatabase(GeoIpService.java:150)
	at org.bukkit.craftbukkit.scheduler.CraftTask.run(CraftTask.java:78)
	at org.bukkit.craftbukkit.scheduler.CraftAsyncTask.run(CraftAsyncTask.java:57)
	at com.destroystokyo.paper.ServerSchedulerReportingWrapper.run(ServerSchedulerReportingWrapper.java:22)
	at java.base/java.util.concurrent.ThreadPoolExecutor.runWorker(ThreadPoolExecutor.java:1144)
	at java.base/java.util.concurrent.ThreadPoolExecutor$Worker.run(ThreadPoolExecutor.java:642)
	at java.base/java.lang.Thread.run(Thread.java:1583)

[09-10 04:14:15]: [INFO] AuthMe 5.6.0-bCUSTOM disabled!
[09-10 04:17:27]: [INFO] SQLite Setup finished
[09-10 04:17:27]: [INFO] Hooked into LuckPerms!
[09-10 04:17:27]: [INFO] Hooked successfully into Essentials
[09-10 04:17:27]: [INFO] Essentials spawn file not found: 'E:\[LangBatOn]\plugins\Essentials\spawn.yml'
[09-10 04:17:27]: [WARN] WARNING! The protectInventory feature requires ProtocolLib! Disabling it...
[09-10 04:17:27]: [INFO] AuthMe 5.6.0 build n.CUSTOM successfully enabled!
[09-10 04:17:29]: [INFO] Downloading GEO IP database, because the old database is older than 30 days or doesn't exist
[09-10 04:17:29]: [WARN] No MaxMind credentials found in the configuration file! GeoIp protections will be disabled.
[09-10 04:17:29]: [INFO] There is no newer GEO IP database uploaded to MaxMind. Using the old one for now.
[09-10 04:17:29]: [WARN] Could not download GeoLiteAPI database [FileNotFoundException]: plugins\AuthMe\GeoLite2-Country.mmdb (The system cannot find the file specified)
[09-10 04:17:29]: java.io.FileNotFoundException: plugins\AuthMe\GeoLite2-Country.mmdb (The system cannot find the file specified)
	at java.base/java.io.RandomAccessFile.open0(Native Method)
	at java.base/java.io.RandomAccessFile.open(RandomAccessFile.java:356)
	at java.base/java.io.RandomAccessFile.<init>(RandomAccessFile.java:273)
	at java.base/java.io.RandomAccessFile.<init>(RandomAccessFile.java:223)
	at AuthMe-5.6.0.jar//fr.xephi.authme.libs.com.maxmind.db.BufferHolder.<init>(BufferHolder.java:20)
	at AuthMe-5.6.0.jar//fr.xephi.authme.libs.com.maxmind.db.Reader.<init>(Reader.java:121)
	at AuthMe-5.6.0.jar//fr.xephi.authme.service.GeoIpService.startReading(GeoIpService.java:179)
	at AuthMe-5.6.0.jar//fr.xephi.authme.service.GeoIpService.updateDatabase(GeoIpService.java:150)
	at org.bukkit.craftbukkit.scheduler.CraftTask.run(CraftTask.java:78)
	at org.bukkit.craftbukkit.scheduler.CraftAsyncTask.run(CraftAsyncTask.java:57)
	at com.destroystokyo.paper.ServerSchedulerReportingWrapper.run(ServerSchedulerReportingWrapper.java:22)
	at java.base/java.util.concurrent.ThreadPoolExecutor.runWorker(ThreadPoolExecutor.java:1144)
	at java.base/java.util.concurrent.ThreadPoolExecutor$Worker.run(ThreadPoolExecutor.java:642)
	at java.base/java.lang.Thread.run(Thread.java:1583)

[09-10 04:19:20]: [FINE] The user SmileDev has 2 accounts:
[09-10 04:19:20]: [FINE] §7§aSmileDev§7, smiledevtest.
[09-10 04:19:20]: [FINE] SmileDev logged in 127.0.0.1
[09-10 12:10:48]: [INFO] SQLite Setup finished
[09-10 12:10:48]: [INFO] Hooked into LuckPerms!
[09-10 12:10:48]: [INFO] Hooked successfully into Essentials
[09-10 12:10:48]: [INFO] Essentials spawn file not found: 'E:\[LangBatOn]\plugins\Essentials\spawn.yml'
[09-10 12:10:49]: [WARN] WARNING! The protectInventory feature requires ProtocolLib! Disabling it...
[09-10 12:10:51]: [INFO] AuthMe 5.6.0 build n.CUSTOM successfully enabled!
[09-10 12:10:51]: [INFO] Downloading GEO IP database, because the old database is older than 30 days or doesn't exist
[09-10 12:10:51]: [WARN] No MaxMind credentials found in the configuration file! GeoIp protections will be disabled.
[09-10 12:10:51]: [INFO] There is no newer GEO IP database uploaded to MaxMind. Using the old one for now.
[09-10 12:10:51]: [WARN] Could not download GeoLiteAPI database [FileNotFoundException]: plugins\AuthMe\GeoLite2-Country.mmdb (The system cannot find the file specified)
[09-10 12:10:51]: java.io.FileNotFoundException: plugins\AuthMe\GeoLite2-Country.mmdb (The system cannot find the file specified)
	at java.base/java.io.RandomAccessFile.open0(Native Method)
	at java.base/java.io.RandomAccessFile.open(RandomAccessFile.java:356)
	at java.base/java.io.RandomAccessFile.<init>(RandomAccessFile.java:273)
	at java.base/java.io.RandomAccessFile.<init>(RandomAccessFile.java:223)
	at AuthMe-5.6.0.jar//fr.xephi.authme.libs.com.maxmind.db.BufferHolder.<init>(BufferHolder.java:20)
	at AuthMe-5.6.0.jar//fr.xephi.authme.libs.com.maxmind.db.Reader.<init>(Reader.java:121)
	at AuthMe-5.6.0.jar//fr.xephi.authme.service.GeoIpService.startReading(GeoIpService.java:179)
	at AuthMe-5.6.0.jar//fr.xephi.authme.service.GeoIpService.updateDatabase(GeoIpService.java:150)
	at org.bukkit.craftbukkit.scheduler.CraftTask.run(CraftTask.java:78)
	at org.bukkit.craftbukkit.scheduler.CraftAsyncTask.run(CraftAsyncTask.java:57)
	at com.destroystokyo.paper.ServerSchedulerReportingWrapper.run(ServerSchedulerReportingWrapper.java:22)
	at java.base/java.util.concurrent.ThreadPoolExecutor.runWorker(ThreadPoolExecutor.java:1144)
	at java.base/java.util.concurrent.ThreadPoolExecutor$Worker.run(ThreadPoolExecutor.java:642)
	at java.base/java.lang.Thread.run(Thread.java:1583)

[09-10 12:13:39]: [INFO] AuthMe 5.6.0-bCUSTOM disabled!
[09-10 12:24:43]: [INFO] SQLite Setup finished
[09-10 12:24:44]: [INFO] Hooked into LuckPerms!
[09-10 12:24:44]: [INFO] Hooked successfully into Essentials
[09-10 12:24:44]: [INFO] Essentials spawn file not found: 'E:\[LangBatOn]\plugins\Essentials\spawn.yml'
[09-10 12:24:44]: [WARN] WARNING! The protectInventory feature requires ProtocolLib! Disabling it...
[09-10 12:24:45]: [INFO] AuthMe 5.6.0 build n.CUSTOM successfully enabled!
[09-10 12:24:47]: [INFO] Downloading GEO IP database, because the old database is older than 30 days or doesn't exist
[09-10 12:24:47]: [WARN] No MaxMind credentials found in the configuration file! GeoIp protections will be disabled.
[09-10 12:24:47]: [INFO] There is no newer GEO IP database uploaded to MaxMind. Using the old one for now.
[09-10 12:24:47]: [WARN] Could not download GeoLiteAPI database [FileNotFoundException]: plugins\AuthMe\GeoLite2-Country.mmdb (The system cannot find the file specified)
[09-10 12:24:47]: java.io.FileNotFoundException: plugins\AuthMe\GeoLite2-Country.mmdb (The system cannot find the file specified)
	at java.base/java.io.RandomAccessFile.open0(Native Method)
	at java.base/java.io.RandomAccessFile.open(RandomAccessFile.java:356)
	at java.base/java.io.RandomAccessFile.<init>(RandomAccessFile.java:273)
	at java.base/java.io.RandomAccessFile.<init>(RandomAccessFile.java:223)
	at AuthMe-5.6.0.jar//fr.xephi.authme.libs.com.maxmind.db.BufferHolder.<init>(BufferHolder.java:20)
	at AuthMe-5.6.0.jar//fr.xephi.authme.libs.com.maxmind.db.Reader.<init>(Reader.java:121)
	at AuthMe-5.6.0.jar//fr.xephi.authme.service.GeoIpService.startReading(GeoIpService.java:179)
	at AuthMe-5.6.0.jar//fr.xephi.authme.service.GeoIpService.updateDatabase(GeoIpService.java:150)
	at org.bukkit.craftbukkit.scheduler.CraftTask.run(CraftTask.java:78)
	at org.bukkit.craftbukkit.scheduler.CraftAsyncTask.run(CraftAsyncTask.java:57)
	at com.destroystokyo.paper.ServerSchedulerReportingWrapper.run(ServerSchedulerReportingWrapper.java:22)
	at java.base/java.util.concurrent.ThreadPoolExecutor.runWorker(ThreadPoolExecutor.java:1144)
	at java.base/java.util.concurrent.ThreadPoolExecutor$Worker.run(ThreadPoolExecutor.java:642)
	at java.base/java.lang.Thread.run(Thread.java:1583)

[09-10 12:27:33]: [FINE] The user SmileDev has 2 accounts:
[09-10 12:27:33]: [FINE] §7§aSmileDev§7, smiledevtest.
[09-10 12:27:33]: [FINE] SmileDev logged in 127.0.0.1
[09-11 12:21:14]: [INFO] SQLite Setup finished
[09-11 12:21:14]: [INFO] Hooked into LuckPerms!
[09-11 12:21:14]: [INFO] Hooked successfully into Essentials
[09-11 12:21:14]: [INFO] Essentials spawn file not found: 'E:\[LangBatOn]\plugins\Essentials\spawn.yml'
[09-11 12:21:14]: [WARN] WARNING! The protectInventory feature requires ProtocolLib! Disabling it...
[09-11 12:21:16]: [INFO] AuthMe 5.6.0 build n.CUSTOM successfully enabled!
[09-11 12:21:17]: [INFO] Downloading GEO IP database, because the old database is older than 30 days or doesn't exist
[09-11 12:21:17]: [WARN] No MaxMind credentials found in the configuration file! GeoIp protections will be disabled.
[09-11 12:21:17]: [INFO] There is no newer GEO IP database uploaded to MaxMind. Using the old one for now.
[09-11 12:21:17]: [WARN] Could not download GeoLiteAPI database [FileNotFoundException]: plugins\AuthMe\GeoLite2-Country.mmdb (The system cannot find the file specified)
[09-11 12:21:17]: java.io.FileNotFoundException: plugins\AuthMe\GeoLite2-Country.mmdb (The system cannot find the file specified)
	at java.base/java.io.RandomAccessFile.open0(Native Method)
	at java.base/java.io.RandomAccessFile.open(RandomAccessFile.java:356)
	at java.base/java.io.RandomAccessFile.<init>(RandomAccessFile.java:273)
	at java.base/java.io.RandomAccessFile.<init>(RandomAccessFile.java:223)
	at AuthMe-5.6.0.jar//fr.xephi.authme.libs.com.maxmind.db.BufferHolder.<init>(BufferHolder.java:20)
	at AuthMe-5.6.0.jar//fr.xephi.authme.libs.com.maxmind.db.Reader.<init>(Reader.java:121)
	at AuthMe-5.6.0.jar//fr.xephi.authme.service.GeoIpService.startReading(GeoIpService.java:179)
	at AuthMe-5.6.0.jar//fr.xephi.authme.service.GeoIpService.updateDatabase(GeoIpService.java:150)
	at org.bukkit.craftbukkit.scheduler.CraftTask.run(CraftTask.java:78)
	at org.bukkit.craftbukkit.scheduler.CraftAsyncTask.run(CraftAsyncTask.java:57)
	at com.destroystokyo.paper.ServerSchedulerReportingWrapper.run(ServerSchedulerReportingWrapper.java:22)
	at java.base/java.util.concurrent.ThreadPoolExecutor.runWorker(ThreadPoolExecutor.java:1144)
	at java.base/java.util.concurrent.ThreadPoolExecutor$Worker.run(ThreadPoolExecutor.java:642)
	at java.base/java.lang.Thread.run(Thread.java:1583)

[09-11 12:23:06]: [FINE] SmileDev logged in 127.220.151.232
[09-11 13:47:59]: [INFO] SQLite Setup finished
[09-11 13:47:59]: [INFO] Hooked into LuckPerms!
[09-11 13:48:01]: [INFO] Hooked successfully into Essentials
[09-11 13:48:01]: [INFO] Essentials spawn file not found: 'E:\[LangBatOn]\plugins\Essentials\spawn.yml'
[09-11 13:48:01]: [WARN] WARNING! The protectInventory feature requires ProtocolLib! Disabling it...
[09-11 13:48:01]: [INFO] AuthMe 5.6.0 build n.CUSTOM successfully enabled!
[09-11 13:48:01]: [INFO] Downloading GEO IP database, because the old database is older than 30 days or doesn't exist
[09-11 13:48:01]: [WARN] No MaxMind credentials found in the configuration file! GeoIp protections will be disabled.
[09-11 13:48:01]: [INFO] There is no newer GEO IP database uploaded to MaxMind. Using the old one for now.
[09-11 13:48:01]: [WARN] Could not download GeoLiteAPI database [FileNotFoundException]: plugins\AuthMe\GeoLite2-Country.mmdb (The system cannot find the file specified)
[09-11 13:48:01]: java.io.FileNotFoundException: plugins\AuthMe\GeoLite2-Country.mmdb (The system cannot find the file specified)
	at java.base/java.io.RandomAccessFile.open0(Native Method)
	at java.base/java.io.RandomAccessFile.open(RandomAccessFile.java:356)
	at java.base/java.io.RandomAccessFile.<init>(RandomAccessFile.java:273)
	at java.base/java.io.RandomAccessFile.<init>(RandomAccessFile.java:223)
	at AuthMe-5.6.0.jar//fr.xephi.authme.libs.com.maxmind.db.BufferHolder.<init>(BufferHolder.java:20)
	at AuthMe-5.6.0.jar//fr.xephi.authme.libs.com.maxmind.db.Reader.<init>(Reader.java:121)
	at AuthMe-5.6.0.jar//fr.xephi.authme.service.GeoIpService.startReading(GeoIpService.java:179)
	at AuthMe-5.6.0.jar//fr.xephi.authme.service.GeoIpService.updateDatabase(GeoIpService.java:150)
	at org.bukkit.craftbukkit.scheduler.CraftTask.run(CraftTask.java:78)
	at org.bukkit.craftbukkit.scheduler.CraftAsyncTask.run(CraftAsyncTask.java:57)
	at com.destroystokyo.paper.ServerSchedulerReportingWrapper.run(ServerSchedulerReportingWrapper.java:22)
	at java.base/java.util.concurrent.ThreadPoolExecutor.runWorker(ThreadPoolExecutor.java:1144)
	at java.base/java.util.concurrent.ThreadPoolExecutor$Worker.run(ThreadPoolExecutor.java:642)
	at java.base/java.lang.Thread.run(Thread.java:1583)

[09-11 13:48:23]: [INFO] AuthMe 5.6.0-bCUSTOM disabled!
[09-11 13:50:42]: [INFO] SQLite Setup finished
[09-11 13:50:42]: [INFO] Hooked into LuckPerms!
[09-11 13:50:42]: [INFO] Hooked successfully into Essentials
[09-11 13:50:42]: [INFO] Essentials spawn file not found: 'E:\[LangBatOn]\plugins\Essentials\spawn.yml'
[09-11 13:50:42]: [WARN] WARNING! The protectInventory feature requires ProtocolLib! Disabling it...
[09-11 13:50:43]: [INFO] AuthMe 5.6.0 build n.CUSTOM successfully enabled!
[09-11 13:50:44]: [INFO] Downloading GEO IP database, because the old database is older than 30 days or doesn't exist
[09-11 13:50:44]: [WARN] No MaxMind credentials found in the configuration file! GeoIp protections will be disabled.
[09-11 13:50:44]: [INFO] There is no newer GEO IP database uploaded to MaxMind. Using the old one for now.
[09-11 13:50:44]: [WARN] Could not download GeoLiteAPI database [FileNotFoundException]: plugins\AuthMe\GeoLite2-Country.mmdb (The system cannot find the file specified)
[09-11 13:50:44]: java.io.FileNotFoundException: plugins\AuthMe\GeoLite2-Country.mmdb (The system cannot find the file specified)
	at java.base/java.io.RandomAccessFile.open0(Native Method)
	at java.base/java.io.RandomAccessFile.open(RandomAccessFile.java:356)
	at java.base/java.io.RandomAccessFile.<init>(RandomAccessFile.java:273)
	at java.base/java.io.RandomAccessFile.<init>(RandomAccessFile.java:223)
	at AuthMe-5.6.0.jar//fr.xephi.authme.libs.com.maxmind.db.BufferHolder.<init>(BufferHolder.java:20)
	at AuthMe-5.6.0.jar//fr.xephi.authme.libs.com.maxmind.db.Reader.<init>(Reader.java:121)
	at AuthMe-5.6.0.jar//fr.xephi.authme.service.GeoIpService.startReading(GeoIpService.java:179)
	at AuthMe-5.6.0.jar//fr.xephi.authme.service.GeoIpService.updateDatabase(GeoIpService.java:150)
	at org.bukkit.craftbukkit.scheduler.CraftTask.run(CraftTask.java:78)
	at org.bukkit.craftbukkit.scheduler.CraftAsyncTask.run(CraftAsyncTask.java:57)
	at com.destroystokyo.paper.ServerSchedulerReportingWrapper.run(ServerSchedulerReportingWrapper.java:22)
	at java.base/java.util.concurrent.ThreadPoolExecutor.runWorker(ThreadPoolExecutor.java:1144)
	at java.base/java.util.concurrent.ThreadPoolExecutor$Worker.run(ThreadPoolExecutor.java:642)
	at java.base/java.lang.Thread.run(Thread.java:1583)

[09-11 13:53:18]: [FINE] The user SmileDev has 2 accounts:
[09-11 13:53:18]: [FINE] §7§aSmileDev§7, smiledevtest.
[09-11 13:53:18]: [FINE] SmileDev logged in 127.0.0.1
[09-11 14:07:52]: [INFO] AuthMe 5.6.0-bCUSTOM disabled!
[09-11 14:08:46]: [INFO] SQLite Setup finished
[09-11 14:08:46]: [INFO] Hooked into LuckPerms!
[09-11 14:08:46]: [INFO] Hooked successfully into Essentials
[09-11 14:08:46]: [INFO] Essentials spawn file not found: 'E:\[LangBatOn]\plugins\Essentials\spawn.yml'
[09-11 14:08:48]: [WARN] WARNING! The protectInventory feature requires ProtocolLib! Disabling it...
[09-11 14:08:48]: [INFO] AuthMe 5.6.0 build n.CUSTOM successfully enabled!
[09-11 14:08:49]: [INFO] Downloading GEO IP database, because the old database is older than 30 days or doesn't exist
[09-11 14:08:50]: [WARN] No MaxMind credentials found in the configuration file! GeoIp protections will be disabled.
[09-11 14:08:50]: [INFO] There is no newer GEO IP database uploaded to MaxMind. Using the old one for now.
[09-11 14:08:50]: [WARN] Could not download GeoLiteAPI database [FileNotFoundException]: plugins\AuthMe\GeoLite2-Country.mmdb (The system cannot find the file specified)
[09-11 14:08:50]: java.io.FileNotFoundException: plugins\AuthMe\GeoLite2-Country.mmdb (The system cannot find the file specified)
	at java.base/java.io.RandomAccessFile.open0(Native Method)
	at java.base/java.io.RandomAccessFile.open(RandomAccessFile.java:356)
	at java.base/java.io.RandomAccessFile.<init>(RandomAccessFile.java:273)
	at java.base/java.io.RandomAccessFile.<init>(RandomAccessFile.java:223)
	at AuthMe-5.6.0.jar//fr.xephi.authme.libs.com.maxmind.db.BufferHolder.<init>(BufferHolder.java:20)
	at AuthMe-5.6.0.jar//fr.xephi.authme.libs.com.maxmind.db.Reader.<init>(Reader.java:121)
	at AuthMe-5.6.0.jar//fr.xephi.authme.service.GeoIpService.startReading(GeoIpService.java:179)
	at AuthMe-5.6.0.jar//fr.xephi.authme.service.GeoIpService.updateDatabase(GeoIpService.java:150)
	at org.bukkit.craftbukkit.scheduler.CraftTask.run(CraftTask.java:78)
	at org.bukkit.craftbukkit.scheduler.CraftAsyncTask.run(CraftAsyncTask.java:57)
	at com.destroystokyo.paper.ServerSchedulerReportingWrapper.run(ServerSchedulerReportingWrapper.java:22)
	at java.base/java.util.concurrent.ThreadPoolExecutor.runWorker(ThreadPoolExecutor.java:1144)
	at java.base/java.util.concurrent.ThreadPoolExecutor$Worker.run(ThreadPoolExecutor.java:642)
	at java.base/java.lang.Thread.run(Thread.java:1583)

[09-11 14:09:22]: [FINE] The user SmileDev has 2 accounts:
[09-11 14:09:22]: [FINE] §7§aSmileDev§7, smiledevtest.
[09-11 14:09:22]: [FINE] SmileDev logged in 127.0.0.1
[09-11 14:27:06]: [INFO] AuthMe 5.6.0-bCUSTOM disabled!
[09-11 14:33:40]: [INFO] SQLite Setup finished
[09-11 14:33:40]: [INFO] Hooked into LuckPerms!
[09-11 14:33:40]: [INFO] Hooked successfully into Essentials
[09-11 14:33:40]: [INFO] Essentials spawn file not found: 'E:\[LangBatOn]\plugins\Essentials\spawn.yml'
[09-11 14:33:40]: [WARN] WARNING! The protectInventory feature requires ProtocolLib! Disabling it...
[09-11 14:33:40]: [INFO] AuthMe 5.6.0 build n.CUSTOM successfully enabled!
[09-11 14:33:41]: [INFO] Downloading GEO IP database, because the old database is older than 30 days or doesn't exist
[09-11 14:33:41]: [WARN] No MaxMind credentials found in the configuration file! GeoIp protections will be disabled.
[09-11 14:33:41]: [INFO] There is no newer GEO IP database uploaded to MaxMind. Using the old one for now.
[09-11 14:33:41]: [WARN] Could not download GeoLiteAPI database [FileNotFoundException]: plugins\AuthMe\GeoLite2-Country.mmdb (The system cannot find the file specified)
[09-11 14:33:41]: java.io.FileNotFoundException: plugins\AuthMe\GeoLite2-Country.mmdb (The system cannot find the file specified)
	at java.base/java.io.RandomAccessFile.open0(Native Method)
	at java.base/java.io.RandomAccessFile.open(RandomAccessFile.java:356)
	at java.base/java.io.RandomAccessFile.<init>(RandomAccessFile.java:273)
	at java.base/java.io.RandomAccessFile.<init>(RandomAccessFile.java:223)
	at AuthMe-5.6.0.jar//fr.xephi.authme.libs.com.maxmind.db.BufferHolder.<init>(BufferHolder.java:20)
	at AuthMe-5.6.0.jar//fr.xephi.authme.libs.com.maxmind.db.Reader.<init>(Reader.java:121)
	at AuthMe-5.6.0.jar//fr.xephi.authme.service.GeoIpService.startReading(GeoIpService.java:179)
	at AuthMe-5.6.0.jar//fr.xephi.authme.service.GeoIpService.updateDatabase(GeoIpService.java:150)
	at org.bukkit.craftbukkit.scheduler.CraftTask.run(CraftTask.java:78)
	at org.bukkit.craftbukkit.scheduler.CraftAsyncTask.run(CraftAsyncTask.java:57)
	at com.destroystokyo.paper.ServerSchedulerReportingWrapper.run(ServerSchedulerReportingWrapper.java:22)
	at java.base/java.util.concurrent.ThreadPoolExecutor.runWorker(ThreadPoolExecutor.java:1144)
	at java.base/java.util.concurrent.ThreadPoolExecutor$Worker.run(ThreadPoolExecutor.java:642)
	at java.base/java.lang.Thread.run(Thread.java:1583)

[09-11 14:34:08]: [FINE] The user SmileDev has 2 accounts:
[09-11 14:34:08]: [FINE] §7§aSmileDev§7, smiledevtest.
[09-11 14:34:08]: [FINE] SmileDev logged in 127.0.0.1
[09-11 14:41:18]: [FINE] The user SmileDev has 2 accounts:
[09-11 14:41:18]: [FINE] §7§aSmileDev§7, smiledevtest.
[09-11 14:41:18]: [FINE] SmileDev logged in 127.0.0.1
[09-11 14:52:15]: [INFO] AuthMe 5.6.0-bCUSTOM disabled!
[09-11 14:53:41]: [INFO] SQLite Setup finished
[09-11 14:53:41]: [INFO] Hooked into LuckPerms!
[09-11 14:53:42]: [INFO] Hooked successfully into Essentials
[09-11 14:53:42]: [INFO] Essentials spawn file not found: 'E:\[LangBatOn]\plugins\Essentials\spawn.yml'
[09-11 14:53:43]: [WARN] WARNING! The protectInventory feature requires ProtocolLib! Disabling it...
[09-11 14:53:43]: [INFO] AuthMe 5.6.0 build n.CUSTOM successfully enabled!
[09-11 14:53:44]: [INFO] Downloading GEO IP database, because the old database is older than 30 days or doesn't exist
[09-11 14:53:44]: [WARN] No MaxMind credentials found in the configuration file! GeoIp protections will be disabled.
[09-11 14:53:44]: [INFO] There is no newer GEO IP database uploaded to MaxMind. Using the old one for now.
[09-11 14:53:46]: [WARN] Could not download GeoLiteAPI database [FileNotFoundException]: plugins\AuthMe\GeoLite2-Country.mmdb (The system cannot find the file specified)
[09-11 14:53:46]: java.io.FileNotFoundException: plugins\AuthMe\GeoLite2-Country.mmdb (The system cannot find the file specified)
	at java.base/java.io.RandomAccessFile.open0(Native Method)
	at java.base/java.io.RandomAccessFile.open(RandomAccessFile.java:356)
	at java.base/java.io.RandomAccessFile.<init>(RandomAccessFile.java:273)
	at java.base/java.io.RandomAccessFile.<init>(RandomAccessFile.java:223)
	at AuthMe-5.6.0.jar//fr.xephi.authme.libs.com.maxmind.db.BufferHolder.<init>(BufferHolder.java:20)
	at AuthMe-5.6.0.jar//fr.xephi.authme.libs.com.maxmind.db.Reader.<init>(Reader.java:121)
	at AuthMe-5.6.0.jar//fr.xephi.authme.service.GeoIpService.startReading(GeoIpService.java:179)
	at AuthMe-5.6.0.jar//fr.xephi.authme.service.GeoIpService.updateDatabase(GeoIpService.java:150)
	at org.bukkit.craftbukkit.scheduler.CraftTask.run(CraftTask.java:78)
	at org.bukkit.craftbukkit.scheduler.CraftAsyncTask.run(CraftAsyncTask.java:57)
	at com.destroystokyo.paper.ServerSchedulerReportingWrapper.run(ServerSchedulerReportingWrapper.java:22)
	at java.base/java.util.concurrent.ThreadPoolExecutor.runWorker(ThreadPoolExecutor.java:1144)
	at java.base/java.util.concurrent.ThreadPoolExecutor$Worker.run(ThreadPoolExecutor.java:642)
	at java.base/java.lang.Thread.run(Thread.java:1583)

[09-11 14:54:17]: [FINE] The user SmileDev has 2 accounts:
[09-11 14:54:17]: [FINE] §7§aSmileDev§7, smiledevtest.
[09-11 14:54:17]: [FINE] SmileDev logged in 127.0.0.1
[09-11 14:54:51]: [INFO] AuthMe 5.6.0-bCUSTOM disabled!
[09-11 14:55:40]: [INFO] SQLite Setup finished
[09-11 14:55:40]: [INFO] Hooked into LuckPerms!
[09-11 14:55:43]: [INFO] Hooked successfully into Essentials
[09-11 14:55:43]: [INFO] Essentials spawn file not found: 'E:\[LangBatOn]\plugins\Essentials\spawn.yml'
[09-11 14:55:43]: [WARN] WARNING! The protectInventory feature requires ProtocolLib! Disabling it...
[09-11 14:55:43]: [INFO] AuthMe 5.6.0 build n.CUSTOM successfully enabled!
[09-11 14:55:45]: [INFO] Downloading GEO IP database, because the old database is older than 30 days or doesn't exist
[09-11 14:55:45]: [WARN] No MaxMind credentials found in the configuration file! GeoIp protections will be disabled.
[09-11 14:55:45]: [INFO] There is no newer GEO IP database uploaded to MaxMind. Using the old one for now.
[09-11 14:55:45]: [WARN] Could not download GeoLiteAPI database [FileNotFoundException]: plugins\AuthMe\GeoLite2-Country.mmdb (The system cannot find the file specified)
[09-11 14:55:45]: java.io.FileNotFoundException: plugins\AuthMe\GeoLite2-Country.mmdb (The system cannot find the file specified)
	at java.base/java.io.RandomAccessFile.open0(Native Method)
	at java.base/java.io.RandomAccessFile.open(RandomAccessFile.java:356)
	at java.base/java.io.RandomAccessFile.<init>(RandomAccessFile.java:273)
	at java.base/java.io.RandomAccessFile.<init>(RandomAccessFile.java:223)
	at AuthMe-5.6.0.jar//fr.xephi.authme.libs.com.maxmind.db.BufferHolder.<init>(BufferHolder.java:20)
	at AuthMe-5.6.0.jar//fr.xephi.authme.libs.com.maxmind.db.Reader.<init>(Reader.java:121)
	at AuthMe-5.6.0.jar//fr.xephi.authme.service.GeoIpService.startReading(GeoIpService.java:179)
	at AuthMe-5.6.0.jar//fr.xephi.authme.service.GeoIpService.updateDatabase(GeoIpService.java:150)
	at org.bukkit.craftbukkit.scheduler.CraftTask.run(CraftTask.java:78)
	at org.bukkit.craftbukkit.scheduler.CraftAsyncTask.run(CraftAsyncTask.java:57)
	at com.destroystokyo.paper.ServerSchedulerReportingWrapper.run(ServerSchedulerReportingWrapper.java:22)
	at java.base/java.util.concurrent.ThreadPoolExecutor.runWorker(ThreadPoolExecutor.java:1144)
	at java.base/java.util.concurrent.ThreadPoolExecutor$Worker.run(ThreadPoolExecutor.java:642)
	at java.base/java.lang.Thread.run(Thread.java:1583)

[09-11 14:58:15]: [FINE] The user SmileDev has 2 accounts:
[09-11 14:58:15]: [FINE] §7§aSmileDev§7, smiledevtest.
[09-11 14:58:15]: [FINE] SmileDev logged in 127.0.0.1
[09-11 14:58:47]: [FINE] The user SmileDev has 2 accounts:
[09-11 14:58:47]: [FINE] §7§aSmileDev§7, smiledevtest.
[09-11 14:58:47]: [FINE] SmileDev logged in 127.0.0.1
[09-11 15:32:25]: [INFO] AuthMe 5.6.0-bCUSTOM disabled!
[09-11 15:33:40]: [INFO] SQLite Setup finished
[09-11 15:33:41]: [INFO] Hooked into LuckPerms!
[09-11 15:33:42]: [INFO] Hooked successfully into Essentials
[09-11 15:33:42]: [INFO] Essentials spawn file not found: 'E:\[LangBatOn]\plugins\Essentials\spawn.yml'
[09-11 15:33:43]: [WARN] WARNING! The protectInventory feature requires ProtocolLib! Disabling it...
[09-11 15:33:43]: [INFO] AuthMe 5.6.0 build n.CUSTOM successfully enabled!
[09-11 15:33:44]: [INFO] Downloading GEO IP database, because the old database is older than 30 days or doesn't exist
[09-11 15:33:44]: [WARN] No MaxMind credentials found in the configuration file! GeoIp protections will be disabled.
[09-11 15:33:44]: [INFO] There is no newer GEO IP database uploaded to MaxMind. Using the old one for now.
[09-11 15:33:44]: [WARN] Could not download GeoLiteAPI database [FileNotFoundException]: plugins\AuthMe\GeoLite2-Country.mmdb (The system cannot find the file specified)
[09-11 15:33:44]: java.io.FileNotFoundException: plugins\AuthMe\GeoLite2-Country.mmdb (The system cannot find the file specified)
	at java.base/java.io.RandomAccessFile.open0(Native Method)
	at java.base/java.io.RandomAccessFile.open(RandomAccessFile.java:356)
	at java.base/java.io.RandomAccessFile.<init>(RandomAccessFile.java:273)
	at java.base/java.io.RandomAccessFile.<init>(RandomAccessFile.java:223)
	at AuthMe-5.6.0.jar//fr.xephi.authme.libs.com.maxmind.db.BufferHolder.<init>(BufferHolder.java:20)
	at AuthMe-5.6.0.jar//fr.xephi.authme.libs.com.maxmind.db.Reader.<init>(Reader.java:121)
	at AuthMe-5.6.0.jar//fr.xephi.authme.service.GeoIpService.startReading(GeoIpService.java:179)
	at AuthMe-5.6.0.jar//fr.xephi.authme.service.GeoIpService.updateDatabase(GeoIpService.java:150)
	at org.bukkit.craftbukkit.scheduler.CraftTask.run(CraftTask.java:78)
	at org.bukkit.craftbukkit.scheduler.CraftAsyncTask.run(CraftAsyncTask.java:57)
	at com.destroystokyo.paper.ServerSchedulerReportingWrapper.run(ServerSchedulerReportingWrapper.java:22)
	at java.base/java.util.concurrent.ThreadPoolExecutor.runWorker(ThreadPoolExecutor.java:1144)
	at java.base/java.util.concurrent.ThreadPoolExecutor$Worker.run(ThreadPoolExecutor.java:642)
	at java.base/java.lang.Thread.run(Thread.java:1583)

[09-11 15:34:15]: [FINE] The user SmileDev has 2 accounts:
[09-11 15:34:15]: [FINE] §7§aSmileDev§7, smiledevtest.
[09-11 15:34:15]: [FINE] SmileDev logged in 127.0.0.1
[09-11 15:35:57]: [INFO] AuthMe 5.6.0-bCUSTOM disabled!
[09-13 11:50:51]: [INFO] SQLite Setup finished
[09-13 11:50:51]: [INFO] Hooked into LuckPerms!
[09-13 11:50:51]: [INFO] Hooked successfully into Essentials
[09-13 11:50:51]: [INFO] Essentials spawn file not found: 'C:\Users\Administrator\Downloads\Lang-Bat-On-Java\plugins\Essentials\spawn.yml'
[09-13 11:50:52]: [WARN] WARNING! The protectInventory feature requires ProtocolLib! Disabling it...
[09-13 11:50:52]: [INFO] AuthMe 5.6.0 build n.CUSTOM successfully enabled!
[09-13 11:50:52]: [INFO] Downloading GEO IP database, because the old database is older than 30 days or doesn't exist
[09-13 11:50:52]: [WARN] No MaxMind credentials found in the configuration file! GeoIp protections will be disabled.
[09-13 11:50:52]: [INFO] There is no newer GEO IP database uploaded to MaxMind. Using the old one for now.
[09-13 11:50:52]: [WARN] Could not download GeoLiteAPI database [FileNotFoundException]: plugins\AuthMe\GeoLite2-Country.mmdb (The system cannot find the file specified)
[09-13 11:50:52]: java.io.FileNotFoundException: plugins\AuthMe\GeoLite2-Country.mmdb (The system cannot find the file specified)
	at java.base/java.io.RandomAccessFile.open0(Native Method)
	at java.base/java.io.RandomAccessFile.open(RandomAccessFile.java:356)
	at java.base/java.io.RandomAccessFile.<init>(RandomAccessFile.java:273)
	at java.base/java.io.RandomAccessFile.<init>(RandomAccessFile.java:223)
	at AuthMe-5.6.0.jar//fr.xephi.authme.libs.com.maxmind.db.BufferHolder.<init>(BufferHolder.java:20)
	at AuthMe-5.6.0.jar//fr.xephi.authme.libs.com.maxmind.db.Reader.<init>(Reader.java:121)
	at AuthMe-5.6.0.jar//fr.xephi.authme.service.GeoIpService.startReading(GeoIpService.java:179)
	at AuthMe-5.6.0.jar//fr.xephi.authme.service.GeoIpService.updateDatabase(GeoIpService.java:150)
	at org.bukkit.craftbukkit.scheduler.CraftTask.run(CraftTask.java:78)
	at org.bukkit.craftbukkit.scheduler.CraftAsyncTask.run(CraftAsyncTask.java:57)
	at com.destroystokyo.paper.ServerSchedulerReportingWrapper.run(ServerSchedulerReportingWrapper.java:22)
	at java.base/java.util.concurrent.ThreadPoolExecutor.runWorker(ThreadPoolExecutor.java:1144)
	at java.base/java.util.concurrent.ThreadPoolExecutor$Worker.run(ThreadPoolExecutor.java:642)
	at java.base/java.lang.Thread.run(Thread.java:1583)

[09-13 11:55:52]: [FINE] The user SmileDev has 2 accounts:
[09-13 11:55:52]: [FINE] §7§aSmileDev§7, smiledevtest.
[09-13 11:55:52]: [FINE] SmileDev logged in 127.0.0.1
[09-13 12:01:01]: [INFO] AuthMe 5.6.0-bCUSTOM disabled!
[09-13 12:04:52]: [INFO] SQLite Setup finished
[09-13 12:04:52]: [INFO] Hooked into LuckPerms!
[09-13 12:04:53]: [INFO] Hooked successfully into Essentials
[09-13 12:04:53]: [INFO] Essentials spawn file not found: 'C:\Users\Administrator\Downloads\Lang-Bat-On-Java\plugins\Essentials\spawn.yml'
[09-13 12:04:53]: [WARN] WARNING! The protectInventory feature requires ProtocolLib! Disabling it...
[09-13 12:04:53]: [INFO] AuthMe 5.6.0 build n.CUSTOM successfully enabled!
[09-13 12:04:53]: [INFO] Downloading GEO IP database, because the old database is older than 30 days or doesn't exist
[09-13 12:04:53]: [WARN] No MaxMind credentials found in the configuration file! GeoIp protections will be disabled.
[09-13 12:04:53]: [INFO] There is no newer GEO IP database uploaded to MaxMind. Using the old one for now.
[09-13 12:04:53]: [WARN] Could not download GeoLiteAPI database [FileNotFoundException]: plugins\AuthMe\GeoLite2-Country.mmdb (The system cannot find the file specified)
[09-13 12:04:53]: java.io.FileNotFoundException: plugins\AuthMe\GeoLite2-Country.mmdb (The system cannot find the file specified)
	at java.base/java.io.RandomAccessFile.open0(Native Method)
	at java.base/java.io.RandomAccessFile.open(RandomAccessFile.java:356)
	at java.base/java.io.RandomAccessFile.<init>(RandomAccessFile.java:273)
	at java.base/java.io.RandomAccessFile.<init>(RandomAccessFile.java:223)
	at AuthMe-5.6.0.jar//fr.xephi.authme.libs.com.maxmind.db.BufferHolder.<init>(BufferHolder.java:20)
	at AuthMe-5.6.0.jar//fr.xephi.authme.libs.com.maxmind.db.Reader.<init>(Reader.java:121)
	at AuthMe-5.6.0.jar//fr.xephi.authme.service.GeoIpService.startReading(GeoIpService.java:179)
	at AuthMe-5.6.0.jar//fr.xephi.authme.service.GeoIpService.updateDatabase(GeoIpService.java:150)
	at org.bukkit.craftbukkit.scheduler.CraftTask.run(CraftTask.java:78)
	at org.bukkit.craftbukkit.scheduler.CraftAsyncTask.run(CraftAsyncTask.java:57)
	at com.destroystokyo.paper.ServerSchedulerReportingWrapper.run(ServerSchedulerReportingWrapper.java:22)
	at java.base/java.util.concurrent.ThreadPoolExecutor.runWorker(ThreadPoolExecutor.java:1144)
	at java.base/java.util.concurrent.ThreadPoolExecutor$Worker.run(ThreadPoolExecutor.java:642)
	at java.base/java.lang.Thread.run(Thread.java:1583)

[09-13 12:06:05]: [FINE] The user SmileDev has 2 accounts:
[09-13 12:06:05]: [FINE] §7§aSmileDev§7, smiledevtest.
[09-13 12:06:05]: [FINE] SmileDev logged in 127.0.0.1
[09-13 12:17:59]: [FINE] The user SmileDev has 2 accounts:
[09-13 12:17:59]: [FINE] §7§aSmileDev§7, smiledevtest.
[09-13 12:17:59]: [FINE] SmileDev logged in 127.0.0.1
[09-13 12:39:15]: [INFO] AuthMe 5.6.0-bCUSTOM disabled!
[09-13 12:39:41]: [INFO] SQLite Setup finished
[09-13 12:39:41]: [INFO] Hooked into LuckPerms!
[09-13 12:39:41]: [INFO] Hooked successfully into Essentials
[09-13 12:39:41]: [INFO] Essentials spawn file not found: 'C:\Users\Administrator\Downloads\Lang-Bat-On-Java\plugins\Essentials\spawn.yml'
[09-13 12:39:41]: [WARN] WARNING! The protectInventory feature requires ProtocolLib! Disabling it...
[09-13 12:39:41]: [INFO] AuthMe 5.6.0 build n.CUSTOM successfully enabled!
[09-13 12:39:41]: [INFO] Downloading GEO IP database, because the old database is older than 30 days or doesn't exist
[09-13 12:39:41]: [WARN] No MaxMind credentials found in the configuration file! GeoIp protections will be disabled.
[09-13 12:39:41]: [INFO] There is no newer GEO IP database uploaded to MaxMind. Using the old one for now.
[09-13 12:39:41]: [WARN] Could not download GeoLiteAPI database [FileNotFoundException]: plugins\AuthMe\GeoLite2-Country.mmdb (The system cannot find the file specified)
[09-13 12:39:41]: java.io.FileNotFoundException: plugins\AuthMe\GeoLite2-Country.mmdb (The system cannot find the file specified)
	at java.base/java.io.RandomAccessFile.open0(Native Method)
	at java.base/java.io.RandomAccessFile.open(RandomAccessFile.java:356)
	at java.base/java.io.RandomAccessFile.<init>(RandomAccessFile.java:273)
	at java.base/java.io.RandomAccessFile.<init>(RandomAccessFile.java:223)
	at AuthMe-5.6.0.jar//fr.xephi.authme.libs.com.maxmind.db.BufferHolder.<init>(BufferHolder.java:20)
	at AuthMe-5.6.0.jar//fr.xephi.authme.libs.com.maxmind.db.Reader.<init>(Reader.java:121)
	at AuthMe-5.6.0.jar//fr.xephi.authme.service.GeoIpService.startReading(GeoIpService.java:179)
	at AuthMe-5.6.0.jar//fr.xephi.authme.service.GeoIpService.updateDatabase(GeoIpService.java:150)
	at org.bukkit.craftbukkit.scheduler.CraftTask.run(CraftTask.java:78)
	at org.bukkit.craftbukkit.scheduler.CraftAsyncTask.run(CraftAsyncTask.java:57)
	at com.destroystokyo.paper.ServerSchedulerReportingWrapper.run(ServerSchedulerReportingWrapper.java:22)
	at java.base/java.util.concurrent.ThreadPoolExecutor.runWorker(ThreadPoolExecutor.java:1144)
	at java.base/java.util.concurrent.ThreadPoolExecutor$Worker.run(ThreadPoolExecutor.java:642)
	at java.base/java.lang.Thread.run(Thread.java:1583)

[09-13 12:39:50]: [FINE] The user SmileDev has 2 accounts:
[09-13 12:39:50]: [FINE] §7§aSmileDev§7, smiledevtest.
[09-13 12:39:50]: [FINE] SmileDev logged in 127.0.0.1
[09-13 20:18:41]: [INFO] SQLite Setup finished
[09-13 20:18:41]: [INFO] Hooked into LuckPerms!
[09-13 20:18:41]: [INFO] Hooked successfully into Essentials
[09-13 20:18:41]: [INFO] Essentials spawn file not found: 'C:\Users\Administrator\Desktop\Lang-Bat-On-Java\plugins\Essentials\spawn.yml'
[09-13 20:18:41]: [WARN] WARNING! The protectInventory feature requires ProtocolLib! Disabling it...
[09-13 20:18:41]: [INFO] AuthMe 5.6.0 build n.CUSTOM successfully enabled!
[09-13 20:18:41]: [INFO] Downloading GEO IP database, because the old database is older than 30 days or doesn't exist
[09-13 20:18:41]: [WARN] No MaxMind credentials found in the configuration file! GeoIp protections will be disabled.
[09-13 20:18:41]: [INFO] There is no newer GEO IP database uploaded to MaxMind. Using the old one for now.
[09-13 20:18:41]: [WARN] Could not download GeoLiteAPI database [FileNotFoundException]: plugins\AuthMe\GeoLite2-Country.mmdb (The system cannot find the file specified)
[09-13 20:18:41]: java.io.FileNotFoundException: plugins\AuthMe\GeoLite2-Country.mmdb (The system cannot find the file specified)
	at java.base/java.io.RandomAccessFile.open0(Native Method)
	at java.base/java.io.RandomAccessFile.open(RandomAccessFile.java:338)
	at java.base/java.io.RandomAccessFile.<init>(RandomAccessFile.java:257)
	at java.base/java.io.RandomAccessFile.<init>(RandomAccessFile.java:211)
	at AuthMe-5.6.0.jar//fr.xephi.authme.libs.com.maxmind.db.BufferHolder.<init>(BufferHolder.java:20)
	at AuthMe-5.6.0.jar//fr.xephi.authme.libs.com.maxmind.db.Reader.<init>(Reader.java:121)
	at AuthMe-5.6.0.jar//fr.xephi.authme.service.GeoIpService.startReading(GeoIpService.java:179)
	at AuthMe-5.6.0.jar//fr.xephi.authme.service.GeoIpService.updateDatabase(GeoIpService.java:150)
	at org.bukkit.craftbukkit.scheduler.CraftTask.run(CraftTask.java:78)
	at org.bukkit.craftbukkit.scheduler.CraftAsyncTask.run(CraftAsyncTask.java:57)
	at com.destroystokyo.paper.ServerSchedulerReportingWrapper.run(ServerSchedulerReportingWrapper.java:22)
	at java.base/java.util.concurrent.ThreadPoolExecutor.runWorker(ThreadPoolExecutor.java:1095)
	at java.base/java.util.concurrent.ThreadPoolExecutor$Worker.run(ThreadPoolExecutor.java:619)
	at java.base/java.lang.Thread.run(Thread.java:1447)

[09-13 20:21:35]: [FINE] The user SmileDev has 2 accounts:
[09-13 20:21:35]: [FINE] §7§aSmileDev§7, smiledevtest.
[09-13 20:21:35]: [FINE] SmileDev logged in 127.0.0.1
[09-13 20:23:49]: [INFO] AuthMe 5.6.0-bCUSTOM disabled!
[09-13 20:24:14]: [INFO] SQLite Setup finished
[09-13 20:24:14]: [INFO] Hooked into LuckPerms!
[09-13 20:24:14]: [INFO] Hooked successfully into Essentials
[09-13 20:24:14]: [INFO] Essentials spawn file not found: 'C:\Users\Administrator\Desktop\Lang-Bat-On-Java\plugins\Essentials\spawn.yml'
[09-13 20:24:14]: [WARN] WARNING! The protectInventory feature requires ProtocolLib! Disabling it...
[09-13 20:24:14]: [INFO] AuthMe 5.6.0 build n.CUSTOM successfully enabled!
[09-13 20:24:14]: [INFO] Downloading GEO IP database, because the old database is older than 30 days or doesn't exist
[09-13 20:24:14]: [WARN] No MaxMind credentials found in the configuration file! GeoIp protections will be disabled.
[09-13 20:24:14]: [INFO] There is no newer GEO IP database uploaded to MaxMind. Using the old one for now.
[09-13 20:24:14]: [WARN] Could not download GeoLiteAPI database [FileNotFoundException]: plugins\AuthMe\GeoLite2-Country.mmdb (The system cannot find the file specified)
[09-13 20:24:14]: java.io.FileNotFoundException: plugins\AuthMe\GeoLite2-Country.mmdb (The system cannot find the file specified)
	at java.base/java.io.RandomAccessFile.open0(Native Method)
	at java.base/java.io.RandomAccessFile.open(RandomAccessFile.java:338)
	at java.base/java.io.RandomAccessFile.<init>(RandomAccessFile.java:257)
	at java.base/java.io.RandomAccessFile.<init>(RandomAccessFile.java:211)
	at AuthMe-5.6.0.jar//fr.xephi.authme.libs.com.maxmind.db.BufferHolder.<init>(BufferHolder.java:20)
	at AuthMe-5.6.0.jar//fr.xephi.authme.libs.com.maxmind.db.Reader.<init>(Reader.java:121)
	at AuthMe-5.6.0.jar//fr.xephi.authme.service.GeoIpService.startReading(GeoIpService.java:179)
	at AuthMe-5.6.0.jar//fr.xephi.authme.service.GeoIpService.updateDatabase(GeoIpService.java:150)
	at org.bukkit.craftbukkit.scheduler.CraftTask.run(CraftTask.java:78)
	at org.bukkit.craftbukkit.scheduler.CraftAsyncTask.run(CraftAsyncTask.java:57)
	at com.destroystokyo.paper.ServerSchedulerReportingWrapper.run(ServerSchedulerReportingWrapper.java:22)
	at java.base/java.util.concurrent.ThreadPoolExecutor.runWorker(ThreadPoolExecutor.java:1095)
	at java.base/java.util.concurrent.ThreadPoolExecutor$Worker.run(ThreadPoolExecutor.java:619)
	at java.base/java.lang.Thread.run(Thread.java:1447)

[09-13 20:24:37]: [FINE] The user SmileDev has 2 accounts:
[09-13 20:24:37]: [FINE] §7§aSmileDev§7, smiledevtest.
[09-13 20:24:37]: [FINE] SmileDev logged in 127.0.0.1
[09-13 20:55:59]: [INFO] SQLite Setup finished
[09-13 20:55:59]: [INFO] Hooked into LuckPerms!
[09-13 20:55:59]: [INFO] Hooked successfully into Essentials
[09-13 20:55:59]: [INFO] Essentials spawn file not found: 'C:\Users\Administrator\Desktop\Lang-Bat-On-Java\plugins\Essentials\spawn.yml'
[09-13 20:55:59]: [WARN] WARNING! The protectInventory feature requires ProtocolLib! Disabling it...
[09-13 20:55:59]: [INFO] AuthMe 5.6.0 build n.CUSTOM successfully enabled!
[09-13 20:55:59]: [INFO] Downloading GEO IP database, because the old database is older than 30 days or doesn't exist
[09-13 20:55:59]: [WARN] No MaxMind credentials found in the configuration file! GeoIp protections will be disabled.
[09-13 20:55:59]: [INFO] There is no newer GEO IP database uploaded to MaxMind. Using the old one for now.
[09-13 20:55:59]: [WARN] Could not download GeoLiteAPI database [FileNotFoundException]: plugins\AuthMe\GeoLite2-Country.mmdb (The system cannot find the file specified)
[09-13 20:55:59]: java.io.FileNotFoundException: plugins\AuthMe\GeoLite2-Country.mmdb (The system cannot find the file specified)
	at java.base/java.io.RandomAccessFile.open0(Native Method)
	at java.base/java.io.RandomAccessFile.open(RandomAccessFile.java:338)
	at java.base/java.io.RandomAccessFile.<init>(RandomAccessFile.java:257)
	at java.base/java.io.RandomAccessFile.<init>(RandomAccessFile.java:211)
	at AuthMe-5.6.0.jar//fr.xephi.authme.libs.com.maxmind.db.BufferHolder.<init>(BufferHolder.java:20)
	at AuthMe-5.6.0.jar//fr.xephi.authme.libs.com.maxmind.db.Reader.<init>(Reader.java:121)
	at AuthMe-5.6.0.jar//fr.xephi.authme.service.GeoIpService.startReading(GeoIpService.java:179)
	at AuthMe-5.6.0.jar//fr.xephi.authme.service.GeoIpService.updateDatabase(GeoIpService.java:150)
	at org.bukkit.craftbukkit.scheduler.CraftTask.run(CraftTask.java:78)
	at org.bukkit.craftbukkit.scheduler.CraftAsyncTask.run(CraftAsyncTask.java:57)
	at com.destroystokyo.paper.ServerSchedulerReportingWrapper.run(ServerSchedulerReportingWrapper.java:22)
	at java.base/java.util.concurrent.ThreadPoolExecutor.runWorker(ThreadPoolExecutor.java:1095)
	at java.base/java.util.concurrent.ThreadPoolExecutor$Worker.run(ThreadPoolExecutor.java:619)
	at java.base/java.lang.Thread.run(Thread.java:1447)

[09-13 20:56:05]: [FINE] The user SmileDev has 2 accounts:
[09-13 20:56:05]: [FINE] §7§aSmileDev§7, smiledevtest.
[09-13 20:56:05]: [FINE] SmileDev logged in 127.0.0.1
[09-13 21:24:43]: [INFO] SQLite Setup finished
[09-13 21:24:43]: [INFO] Hooked into LuckPerms!
[09-13 21:24:43]: [INFO] Hooked successfully into Essentials
[09-13 21:24:43]: [INFO] Essentials spawn file not found: 'C:\Users\Administrator\Desktop\Lang-Bat-On-Java\plugins\Essentials\spawn.yml'
[09-13 21:24:43]: [WARN] WARNING! The protectInventory feature requires ProtocolLib! Disabling it...
[09-13 21:24:43]: [INFO] AuthMe 5.6.0 build n.CUSTOM successfully enabled!
[09-13 21:24:44]: [INFO] Downloading GEO IP database, because the old database is older than 30 days or doesn't exist
[09-13 21:24:44]: [WARN] No MaxMind credentials found in the configuration file! GeoIp protections will be disabled.
[09-13 21:24:44]: [INFO] There is no newer GEO IP database uploaded to MaxMind. Using the old one for now.
[09-13 21:24:44]: [WARN] Could not download GeoLiteAPI database [FileNotFoundException]: plugins\AuthMe\GeoLite2-Country.mmdb (The system cannot find the file specified)
[09-13 21:24:44]: java.io.FileNotFoundException: plugins\AuthMe\GeoLite2-Country.mmdb (The system cannot find the file specified)
	at java.base/java.io.RandomAccessFile.open0(Native Method)
	at java.base/java.io.RandomAccessFile.open(RandomAccessFile.java:338)
	at java.base/java.io.RandomAccessFile.<init>(RandomAccessFile.java:257)
	at java.base/java.io.RandomAccessFile.<init>(RandomAccessFile.java:211)
	at AuthMe-5.6.0.jar//fr.xephi.authme.libs.com.maxmind.db.BufferHolder.<init>(BufferHolder.java:20)
	at AuthMe-5.6.0.jar//fr.xephi.authme.libs.com.maxmind.db.Reader.<init>(Reader.java:121)
	at AuthMe-5.6.0.jar//fr.xephi.authme.service.GeoIpService.startReading(GeoIpService.java:179)
	at AuthMe-5.6.0.jar//fr.xephi.authme.service.GeoIpService.updateDatabase(GeoIpService.java:150)
	at org.bukkit.craftbukkit.scheduler.CraftTask.run(CraftTask.java:78)
	at org.bukkit.craftbukkit.scheduler.CraftAsyncTask.run(CraftAsyncTask.java:57)
	at com.destroystokyo.paper.ServerSchedulerReportingWrapper.run(ServerSchedulerReportingWrapper.java:22)
	at java.base/java.util.concurrent.ThreadPoolExecutor.runWorker(ThreadPoolExecutor.java:1095)
	at java.base/java.util.concurrent.ThreadPoolExecutor$Worker.run(ThreadPoolExecutor.java:619)
	at java.base/java.lang.Thread.run(Thread.java:1447)

[09-13 21:24:49]: [FINE] The user SmileDev has 2 accounts:
[09-13 21:24:49]: [FINE] §7§aSmileDev§7, smiledevtest.
[09-13 21:24:49]: [FINE] SmileDev logged in 127.0.0.1
[09-13 21:32:14]: [FINE] Nga1807 registered 192.168.5.130
[09-13 21:32:14]: [FINE] Nga1807 logged in 192.168.5.130
[09-13 23:27:20]: [FINE] The user SmileDev has 2 accounts:
[09-13 23:27:20]: [FINE] §7§aSmileDev§7, smiledevtest.
[09-13 23:27:20]: [FINE] SmileDev logged in 127.0.0.1
[09-13 23:27:23]: [FINE] Nga1807 logged in 192.168.5.130
[09-13 23:28:17]: [INFO] AuthMe 5.6.0-bCUSTOM disabled!
